INFO [2018-12-19 23:03:47] $x
INFO [2018-12-19 23:03:47] diff_list
INFO [2018-12-19 23:03:47] 
INFO [2018-12-19 23:03:47] $filename
INFO [2018-12-19 23:03:47] NULL
INFO [2018-12-19 23:03:47] 
INFO [2018-12-19 23:03:47] $height
INFO [2018-12-19 23:03:47] [1] 2000
INFO [2018-12-19 23:03:47] 
INFO [2018-12-19 23:03:47] $width
INFO [2018-12-19 23:03:47] [1] 2000
INFO [2018-12-19 23:03:47] 
INFO [2018-12-19 23:03:47] $fill
INFO [2018-12-19 23:03:47] fill
INFO [2018-12-19 23:03:47] 
INFO [2018-12-19 23:03:47] $cat.default.pos
INFO [2018-12-19 23:03:47] [1] "text"
INFO [2018-12-19 23:03:47] 
INFO [2018-12-19 23:03:47] $cat.cex
INFO [2018-12-19 23:03:47] size
INFO [2018-12-19 23:03:47] 
INFO [2018-12-19 23:03:47] $main
INFO [2018-12-19 23:03:47] [1] "Overlap of Sig genes among 3 DE"
INFO [2018-12-19 23:03:47] 
